{'maxTotalPoints': 4,
 'messages': [],
 'mode': 'auto',
 'parts': [{'description': '',
            'extraCredit': False,
            'maxPoints': 0,
            'maxSeconds': 15,
            'messages': [],
            'name': 'init',
            'points': 0,
            'seconds': 6},
           {'description': '',
            'extraCredit': False,
            'maxPoints': 0,
            'maxSeconds': 2,
            'messages': [],
            'name': '1b-1',
            'points': 0,
            'seconds': 0},
           {'description': '',
            'extraCredit': False,
            'maxPoints': 1,
            'maxSeconds': 2,
            'messages': [],
            'name': '1b-2',
            'points': 1,
            'seconds': 0},
           {'description': '',
            'extraCredit': False,
            'maxPoints': 1,
            'maxSeconds': 2,
            'messages': [],
            'name': '2b-1',
            'points': 1,
            'seconds': 0},
           {'description': '',
            'extraCredit': False,
            'maxPoints': 1,
            'maxSeconds': 2,
            'messages': ["Exception thrown: <type 'exceptions.Exception'> -- Not implemented yet",
                         '  File "grader.py", line 119, in t_3b_1\n    grader.requireIsEqual(\'word\', submission.segmentAndInsert(\'wrd\', bigramCost, fills))\n',
                         '  File "/Users/amaldare/myCode/AI/Text_Reconstruction/submission.py", line 155, in segmentAndInsert\n    raise Exception("Not implemented yet")\n'],
            'name': '3b-1',
            'points': 0,
            'seconds': 0},
           {'description': '',
            'extraCredit': False,
            'maxPoints': 1,
            'maxSeconds': 2,
            'messages': ["Exception thrown: <type 'exceptions.Exception'> -- Not implemented yet",
                         '  File "grader.py", line 140, in t_3b_2\n    submission.segmentAndInsert(\'wrd\', bigramCost, fills))\n',
                         '  File "/Users/amaldare/myCode/AI/Text_Reconstruction/submission.py", line 155, in segmentAndInsert\n    raise Exception("Not implemented yet")\n'],
            'name': '3b-2',
            'points': 0,
            'seconds': 0}],
 'totalPoints': 2}
