{'parts': [{'extraCredit': False,
            'maxPoints': 4,
            'messages': ['?'],
            'name': '2d',
            'points': '?'},
           {'extraCredit': False,
            'maxPoints': 3,
            'messages': ['?'],
            'name': '2e',
            'points': '?'},
           {'extraCredit': False,
            'maxPoints': 3,
            'messages': ['?'],
            'name': '2g',
            'points': '?'},
           {'extraCredit': True,
            'maxPoints': 5,
            'messages': ['?'],
            'name': '2h',
            'points': '?'},
           {'extraCredit': False,
            'maxPoints': 5,
            'messages': ['?'],
            'name': '3a',
            'points': '?'},
           {'extraCredit': False,
            'maxPoints': 5,
            'messages': ['?'],
            'name': '3c',
            'points': '?'}]}
